<?xml version="1.0" encoding="UTF-8"?>
<testng-results skipped="0" failed="0" ignored="0" total="1" passed="1">
  <reporter-output>
  </reporter-output>
  <suite name="Surefire suite" duration-ms="140" started-at="2021-03-06T16:20:12 IST" finished-at="2021-03-06T16:20:12 IST">
    <groups>
    </groups>
    <test name="Surefire test" duration-ms="140" started-at="2021-03-06T16:20:12 IST" finished-at="2021-03-06T16:20:12 IST">
      <class name="UseCases.phonePayFundTransfer">
        <test-method status="PASS" signature="phonePayTransferAmt()[pri:0, instance:UseCases.phonePayFundTransfer@5702b3b1]" name="phonePayTransferAmt" duration-ms="15" started-at="2021-03-06T16:20:12 IST" finished-at="2021-03-06T16:20:12 IST">
          <reporter-output>
          </reporter-output>
        </test-method> <!-- phonePayTransferAmt -->
      </class> <!-- UseCases.phonePayFundTransfer -->
    </test> <!-- Surefire test -->
  </suite> <!-- Surefire suite -->
</testng-results>
