<?xml version="1.0" encoding="UTF-8"?>
<testng-results skipped="0" failed="0" total="1" passed="1">
  <reporter-output>
  </reporter-output>
  <suite name="Default suite" duration-ms="27970" started-at="2021-01-30T12:47:03Z" finished-at="2021-01-30T12:47:31Z">
    <groups>
    </groups>
    <test name="Default test" duration-ms="27970" started-at="2021-01-30T12:47:03Z" finished-at="2021-01-30T12:47:31Z">
      <class name="UseCases.fundTransfer">
        <test-method status="PASS" signature="transferAmt()[pri:0, instance:UseCases.fundTransfer@2b80d80f]" name="transferAmt" duration-ms="27944" started-at="2021-01-30T18:17:03Z" finished-at="2021-01-30T18:17:31Z">
          <reporter-output>
          </reporter-output>
        </test-method> <!-- transferAmt -->
      </class> <!-- UseCases.fundTransfer -->
    </test> <!-- Default test -->
  </suite> <!-- Default suite -->
</testng-results>
